<?xml version="1.0" encoding="UTF-8"?>
<!-- Generated by org.testng.reporters.JUnitReportReporter -->
<testsuite name="tests.MaxFashionTests" tests="1" time="21.883" ignored="0" failures="0" timestamp="17 Oct 2020 10:12:58 GMT" skipped="0" hostname="LTIN142409" errors="0">
  <testcase name="testSiginAndSignOut" time="21.883" classname="tests.MaxFashionTests"/>
</testsuite> <!-- tests.MaxFashionTests -->
